<?xml version="1.0" encoding="UTF-8"?>
<!-- Generated by org.testng.reporters.JUnitReportReporter -->
<testsuite hostname="DESKTOP-HTJU5G2" name="softwaretesingmaterial.TestngAnnotation" tests="2" failures="0" timestamp="10 May 2019 14:56:52 GMT" time="0.002" errors="0">
  <testcase name="testCase1" time="0.002" classname="softwaretesingmaterial.TestngAnnotation"/>
  <testcase name="testCase2" time="0.000" classname="softwaretesingmaterial.TestngAnnotation"/>
</testsuite> <!-- softwaretesingmaterial.TestngAnnotation -->
